#
# There is insufficient memory for the Java Runtime Environment to continue.
# Native memory allocation (malloc) failed to allocate 32784 bytes for Chunk::new
# Possible reasons:
#   The system is out of physical RAM or swap space
#   In 32 bit mode, the process size limit was hit
# Possible solutions:
#   Reduce memory load on the system
#   Increase physical memory or swap space
#   Check if swap backing store is full
#   Use 64 bit Java on a 64 bit OS
#   Decrease Java heap size (-Xmx/-Xms)
#   Decrease number of Java threads
#   Decrease Java thread stack sizes (-Xss)
#   Set larger code cache with -XX:ReservedCodeCacheSize=
# This output file may be truncated or incomplete.
#
#  Out of Memory Error (allocation.cpp:390), pid=13832, tid=1184
#
# JRE version: Java(TM) SE Runtime Environment (8.0_51-b16) (build 1.8.0_51-b16)
# Java VM: Java HotSpot(TM) 64-Bit Server VM (25.51-b03 mixed mode windows-amd64 compressed oops)
# Failed to write core dump. Minidumps are not enabled by default on client versions of Windows
#

---------------  T H R E A D  ---------------

Current thread (0x0000000006b1f000):  JavaThread "C2 CompilerThread0" daemon [_thread_in_native, id=1184, stack(0x0000000008080000,0x0000000008180000)]

Stack: [0x0000000008080000,0x0000000008180000]
Native frames: (J=compiled Java code, j=interpreted, Vv=VM code, C=native code)
V  [jvm.dll+0x32b4ca]


Current CompileTask:
C2:   3519 1978 %     4       com.android.dx.merge.DexMerger$IdMerger::mergeSorted @ 196 (382 bytes)


---------------  P R O C E S S  ---------------

Java Threads: ( => current thread )
  0x0000000006b7e800 JavaThread "Service Thread" daemon [_thread_blocked, id=13256, stack(0x0000000008780000,0x0000000008880000)]
  0x0000000006b2c000 JavaThread "C1 CompilerThread2" daemon [_thread_in_native, id=13724, stack(0x0000000008280000,0x0000000008380000)]
  0x0000000006b24800 JavaThread "C2 CompilerThread1" daemon [_thread_in_native, id=15340, stack(0x0000000008180000,0x0000000008280000)]
=>0x0000000006b1f000 JavaThread "C2 CompilerThread0" daemon [_thread_in_native, id=1184, stack(0x0000000008080000,0x0000000008180000)]
  0x0000000006b1d800 JavaThread "Attach Listener" daemon [_thread_blocked, id=6848, stack(0x0000000007f80000,0x0000000008080000)]
  0x0000000006b1c800 JavaThread "Signal Dispatcher" daemon [_thread_blocked, id=12132, stack(0x0000000007e80000,0x0000000007f80000)]
  0x0000000003448800 JavaThread "Finalizer" daemon [_thread_blocked, id=8940, stack(0x0000000007d80000,0x0000000007e80000)]
  0x000000000343f800 JavaThread "Reference Handler" daemon [_thread_blocked, id=12668, stack(0x0000000007c80000,0x0000000007d80000)]
  0x0000000003352800 JavaThread "main" [_thread_in_Java, id=12016, stack(0x00000000031d0000,0x00000000032d0000)]

Other Threads:
  0x0000000006ae8000 VMThread [stack: 0x0000000007b80000,0x0000000007c80000] [id=7060]
  0x00000000083bd800 WatcherThread [stack: 0x0000000008880000,0x0000000008980000] [id=10844]

VM state:not at safepoint (normal execution)

VM Mutex/Monitor currently owned by a thread: None

Heap:
 PSYoungGen      total 38400K, used 37322K [0x00000000eab00000, 0x00000000ed580000, 0x0000000100000000)
  eden space 33280K, 96% used [0x00000000eab00000,0x00000000eca75648,0x00000000ecb80000)
  from space 5120K, 99% used [0x00000000ed080000,0x00000000ed57d458,0x00000000ed580000)
  to   space 5120K, 0% used [0x00000000ecb80000,0x00000000ecb80000,0x00000000ed080000)
 ParOldGen       total 87552K, used 10429K [0x00000000c0000000, 0x00000000c5580000, 0x00000000eab00000)
  object space 87552K, 11% used [0x00000000c0000000,0x00000000c0a2f7f8,0x00000000c5580000)
 Metaspace       used 6935K, capacity 7544K, committed 7680K, reserved 1056768K
  class space    used 661K, capacity 688K, committed 768K, reserved 1048576K

Card table byte_map: [0x0000000003810000,0x0000000003a20000] byte_map_base: 0x0000000003210000

Marking Bits: (ParMarkBitMap*) 0x0000000059384040
 Begin Bits: [0x0000000003f80000, 0x0000000004f80000)
 End Bits:   [0x0000000004f80000, 0x0000000005f80000)

Polling page: 0x00000000016a0000

CodeCache: size=245760Kb used=7276Kb max_used=7276Kb free=238483Kb
 bounds [0x000000000f010000, 0x000000000f740000, 0x000000001e010000]
 total_blobs=2281 nmethods=2003 adapters=190
 compilation: enabled

Compilation events (10 events):
Event: 3.503 Thread 0x0000000006b2c000 2011       3       com.android.dex.TypeList::compareTo (9 bytes)
Event: 3.503 Thread 0x0000000006b2c000 nmethod 2011 0x000000000f729990 code [0x000000000f729b00, 0x000000000f729de8]
Event: 3.507 Thread 0x0000000006b2c000 2017       2       java.util.ComparableTimSort::gallopRight (327 bytes)
Event: 3.508 Thread 0x0000000006b2c000 nmethod 2017 0x000000000f72cc90 code [0x000000000f72ce40, 0x000000000f72d418]
Event: 3.508 Thread 0x0000000006b2c000 2018       2       java.util.ComparableTimSort::gallopLeft (327 bytes)
Event: 3.509 Thread 0x0000000006b2c000 nmethod 2018 0x000000000f72d890 code [0x000000000f72da40, 0x000000000f72dfd8]
Event: 3.510 Thread 0x0000000006b2c000 2019       2       java.util.ComparableTimSort::mergeCollapse (101 bytes)
Event: 3.510 Thread 0x0000000006b2c000 nmethod 2019 0x000000000f72e450 code [0x000000000f72e5e0, 0x000000000f72e8b8]
Event: 3.513 Thread 0x0000000006b2c000 2020       2       java.util.ComparableTimSort::mergeLo (656 bytes)
Event: 3.516 Thread 0x0000000006b2c000 nmethod 2020 0x000000000f72ead0 code [0x000000000f72ed80, 0x000000000f730498]

GC Heap History (4 events):
Event: 1.642 GC heap before
{Heap before GC invocations=1 (full 0):
 PSYoungGen      total 38400K, used 33280K [0x00000000eab00000, 0x00000000ed580000, 0x0000000100000000)
  eden space 33280K, 100% used [0x00000000eab00000,0x00000000ecb80000,0x00000000ecb80000)
  from space 5120K, 0% used [0x00000000ed080000,0x00000000ed080000,0x00000000ed580000)
  to   space 5120K, 0% used [0x00000000ecb80000,0x00000000ecb80000,0x00000000ed080000)
 ParOldGen       total 87552K, used 0K [0x00000000c0000000, 0x00000000c5580000, 0x00000000eab00000)
  object space 87552K, 0% used [0x00000000c0000000,0x00000000c0000000,0x00000000c5580000)
 Metaspace       used 5991K, capacity 6960K, committed 7040K, reserved 1056768K
  class space    used 584K, capacity 616K, committed 640K, reserved 1048576K
Event: 1.656 GC heap after
Heap after GC invocations=1 (full 0):
 PSYoungGen      total 38400K, used 5116K [0x00000000eab00000, 0x00000000ed580000, 0x0000000100000000)
  eden space 33280K, 0% used [0x00000000eab00000,0x00000000eab00000,0x00000000ecb80000)
  from space 5120K, 99% used [0x00000000ecb80000,0x00000000ed07f3f8,0x00000000ed080000)
  to   space 5120K, 0% used [0x00000000ed080000,0x00000000ed080000,0x00000000ed580000)
 ParOldGen       total 87552K, used 3159K [0x00000000c0000000, 0x00000000c5580000, 0x00000000eab00000)
  object space 87552K, 3% used [0x00000000c0000000,0x00000000c0315f70,0x00000000c5580000)
 Metaspace       used 5991K, capacity 6960K, committed 7040K, reserved 1056768K
  class space    used 584K, capacity 616K, committed 640K, reserved 1048576K
}
Event: 3.188 GC heap before
{Heap before GC invocations=2 (full 0):
 PSYoungGen      total 38400K, used 38396K [0x00000000eab00000, 0x00000000ed580000, 0x0000000100000000)
  eden space 33280K, 100% used [0x00000000eab00000,0x00000000ecb80000,0x00000000ecb80000)
  from space 5120K, 99% used [0x00000000ecb80000,0x00000000ed07f3f8,0x00000000ed080000)
  to   space 5120K, 0% used [0x00000000ed080000,0x00000000ed080000,0x00000000ed580000)
 ParOldGen       total 87552K, used 3159K [0x00000000c0000000, 0x00000000c5580000, 0x00000000eab00000)
  object space 87552K, 3% used [0x00000000c0000000,0x00000000c0315f70,0x00000000c5580000)
 Metaspace       used 6741K, capacity 7416K, committed 7680K, reserved 1056768K
  class space    used 645K, capacity 688K, committed 768K, reserved 1048576K
Event: 3.203 GC heap after
Heap after GC invocations=2 (full 0):
 PSYoungGen      total 38400K, used 5109K [0x00000000eab00000, 0x00000000ed580000, 0x0000000100000000)
  eden space 33280K, 0% used [0x00000000eab00000,0x00000000eab00000,0x00000000ecb80000)
  from space 5120K, 99% used [0x00000000ed080000,0x00000000ed57d458,0x00000000ed580000)
  to   space 5120K, 0% used [0x00000000ecb80000,0x00000000ecb80000,0x00000000ed080000)
 ParOldGen       total 87552K, used 10429K [0x00000000c0000000, 0x00000000c5580000, 0x00000000eab00000)
  object space 87552K, 11% used [0x00000000c0000000,0x00000000c0a2f7f8,0x00000000c5580000)
 Metaspace       used 6741K, capacity 7416K, committed 7680K, reserved 1056768K
  class space    used 645K, capacity 688K, committed 768K, reserved 1048576K
}

Deoptimization events (10 events):
Event: 3.150 Thread 0x0000000003352800 Uncommon trap: reason=speculate_class_check action=maybe_recompile pc=0x000000000f60ecf0 method=java.util.HashMap.putVal(ILjava/lang/Object;Ljava/lang/Object;ZZ)Ljava/lang/Object; @ 56
Event: 3.150 Thread 0x0000000003352800 Uncommon trap: reason=class_check action=maybe_recompile pc=0x000000000f6111ec method=java.util.HashMap.putVal(ILjava/lang/Object;Ljava/lang/Object;ZZ)Ljava/lang/Object; @ 56
Event: 3.150 Thread 0x0000000003352800 Uncommon trap: reason=class_check action=maybe_recompile pc=0x000000000f6111ec method=java.util.HashMap.putVal(ILjava/lang/Object;Ljava/lang/Object;ZZ)Ljava/lang/Object; @ 56
Event: 3.150 Thread 0x0000000003352800 Uncommon trap: reason=class_check action=maybe_recompile pc=0x000000000f6111ec method=java.util.HashMap.putVal(ILjava/lang/Object;Ljava/lang/Object;ZZ)Ljava/lang/Object; @ 56
Event: 3.150 Thread 0x0000000003352800 Uncommon trap: reason=class_check action=maybe_recompile pc=0x000000000f6111ec method=java.util.HashMap.putVal(ILjava/lang/Object;Ljava/lang/Object;ZZ)Ljava/lang/Object; @ 56
Event: 3.454 Thread 0x0000000003352800 Uncommon trap: reason=unstable_if action=reinterpret pc=0x000000000f70dd50 method=com.android.dx.merge.DexMerger$IdMerger.readIntoMap(Lcom/android/dex/Dex$Section;Lcom/android/dex/TableOfContents$Section;Lcom/android/dx/merge/IndexMap;ILjava/util/TreeMap;I:Ž#Ö»@
Event: 3.467 Thread 0x0000000003352800 Uncommon trap: reason=unstable_if action=reinterpret pc=0x000000000f706e30 method=com.android.dex.Mutf8.decode(Lcom/android/dex/util/ByteInput;[C)Ljava/lang/String; @ 54
Event: 3.467 Thread 0x0000000003352800 Uncommon trap: reason=unstable_if action=reinterpret pc=0x000000000f709b90 method=com.android.dex.Mutf8.countBytes(Ljava/lang/String;Z)J @ 50
Event: 3.467 Thread 0x0000000003352800 Uncommon trap: reason=unstable_if action=reinterpret pc=0x000000000f704cc0 method=com.android.dex.Mutf8.encode([BILjava/lang/String;)V @ 51
Event: 3.467 Thread 0x0000000003352800 Uncommon trap: reason=unstable_if action=reinterpret pc=0x000000000f703354 method=com.android.dex.Mutf8.countBytes(Ljava/lang/String;Z)J @ 50

Internal exceptions (2 events):
Event: 0.065 Thread 0x0000000003352800 Exception <a 'java/lang/NoSuchMethodError': Method sun.misc.Unsafe.defineClass(Ljava/lang/String;[BII)Ljava/lang/Class; name or signature does not match> (0x00000000eab12bf0) thrown at [C:\re\workspace\8-2-build-windows-amd64-cygwin\jdk8u51\3951\hotspot\sr…iUæ-¼°?
Event: 0.065 Thread 0x0000000003352800 Exception <a 'java/lang/NoSuchMethodError': Method sun.misc.Unsafe.prefetchRead(Ljava/lang/Object;J)V name or signature does not match> (0x00000000eab12e80) thrown at [C:\re\workspace\8-2-build-windows-amd64-cygwin\jdk8u51\3951\hotspot\src\share\vm\prims\j

Events (10 events):
Event: 3.472 Thread 0x0000000003352800 DEOPT PACKING pc=0x000000000f718b3d sp=0x00000000032cf210
Event: 3.472 Thread 0x0000000003352800 DEOPT UNPACKING pc=0x000000000f05787f sp=0x00000000032cef30 mode 0
Event: 3.481 loading class com/android/dx/merge/DexMerger$3
Event: 3.481 loading class com/android/dx/merge/DexMerger$3 done
Event: 3.482 loading class com/android/dex/TypeList
Event: 3.482 loading class com/android/dex/TypeList done
Event: 3.483 loading class com/android/dx/merge/DexMerger$IdMerger$UnsortedValue
Event: 3.483 loading class com/android/dx/merge/DexMerger$IdMerger$UnsortedValue done
Event: 3.500 loading class com/android/dex/util/Unsigned
Event: 3.500 loading class com/android/dex/util/Unsigned done


Dynamic libraries:
0x00007ff6d8af0000 - 0x00007ff6d8b27000 	C:\Program Files\Java\jdk1.8.0_51\bin\java.exe
0x00007ffd7e550000 - 0x00007ffd7e712000 	C:\WINDOWS\SYSTEM32\ntdll.dll
0x00007ffd7e060000 - 0x00007ffd7e10d000 	C:\WINDOWS\system32\KERNEL32.DLL
0x00007ffd7b360000 - 0x00007ffd7b53d000 	C:\WINDOWS\system32\KERNELBASE.dll
0x00007ffd7bc20000 - 0x00007ffd7bcc6000 	C:\WINDOWS\system32\ADVAPI32.dll
0x00007ffd7ddf0000 - 0x00007ffd7de8d000 	C:\WINDOWS\system32\msvcrt.dll
0x00007ffd7bd30000 - 0x00007ffd7bd8b000 	C:\WINDOWS\system32\sechost.dll
0x00007ffd7d690000 - 0x00007ffd7d7b6000 	C:\WINDOWS\system32\RPCRT4.dll
0x00007ffd7d970000 - 0x00007ffd7dabe000 	C:\WINDOWS\system32\USER32.dll
0x00007ffd7dc60000 - 0x00007ffd7dde6000 	C:\WINDOWS\system32\GDI32.dll
0x00007ffd76850000 - 0x00007ffd76ac4000 	C:\WINDOWS\WinSxS\amd64_microsoft.windows.common-controls_6595b64144ccf1df_6.0.10240.16384_none_f41f7b285750ef43\COMCTL32.dll
0x00007ffd7e410000 - 0x00007ffd7e446000 	C:\WINDOWS\system32\IMM32.DLL
0x00007ffd7bd90000 - 0x00007ffd7beec000 	C:\WINDOWS\system32\MSCTF.dll
0x00007ffd7ae70000 - 0x00007ffd7aea1000 	C:\WINDOWS\system32\nvinitx.dll
0x00007ffd7ae60000 - 0x00007ffd7ae6a000 	C:\WINDOWS\SYSTEM32\VERSION.dll
0x000000000f000000 - 0x000000000f006000 	C:\Program Files\NVIDIA Corporation\CoProcManager\_etoured.dll
0x00007ffd77700000 - 0x00007ffd77733000 	C:\Program Files\NVIDIA Corporation\CoProcManager\nvd3d9wrapx.dll
0x00007ffd7de90000 - 0x00007ffd7e055000 	C:\WINDOWS\system32\SETUPAPI.dll
0x00007ffd7bbd0000 - 0x00007ffd7bc14000 	C:\WINDOWS\system32\CFGMGR32.dll
0x00007ffd772d0000 - 0x00007ffd772f2000 	C:\Program Files\NVIDIA Corporation\CoProcManager\nvdxgiwrapx.dll
0x0000000058700000 - 0x00000000587d2000 	C:\Program Files\Java\jdk1.8.0_51\jre\bin\msvcr100.dll
0x0000000058b80000 - 0x0000000059403000 	C:\Program Files\Java\jdk1.8.0_51\jre\bin\server\jvm.dll
0x00007ffd7e450000 - 0x00007ffd7e458000 	C:\WINDOWS\system32\PSAPI.DLL
0x00007ffd6ac50000 - 0x00007ffd6ac59000 	C:\WINDOWS\SYSTEM32\WSOCK32.dll
0x00007ffd795b0000 - 0x00007ffd795d3000 	C:\WINDOWS\SYSTEM32\WINMM.dll
0x00007ffd7e460000 - 0x00007ffd7e4c9000 	C:\WINDOWS\system32\WS2_32.dll
0x00007ffd7e4d0000 - 0x00007ffd7e4d8000 	C:\WINDOWS\system32\NSI.dll
0x0000000001650000 - 0x000000000167c000 	C:\WINDOWS\SYSTEM32\WINMMBASE.dll
0x00007ffd79800000 - 0x00007ffd79827000 	C:\WINDOWS\SYSTEM32\DEVOBJ.dll
0x0000000058b70000 - 0x0000000058b7f000 	C:\Program Files\Java\jdk1.8.0_51\jre\bin\verify.dll
0x0000000058b40000 - 0x0000000058b69000 	C:\Program Files\Java\jdk1.8.0_51\jre\bin\java.dll
0x0000000058b20000 - 0x0000000058b36000 	C:\Program Files\Java\jdk1.8.0_51\jre\bin\zip.dll
0x00007ffd7c160000 - 0x00007ffd7d682000 	C:\WINDOWS\system32\SHELL32.dll
0x00007ffd7b540000 - 0x00007ffd7bb68000 	C:\WINDOWS\system32\windows.storage.dll
0x00007ffd7e170000 - 0x00007ffd7e3ec000 	C:\WINDOWS\system32\combase.dll
0x00007ffd7e110000 - 0x00007ffd7e161000 	C:\WINDOWS\system32\shlwapi.dll
0x00007ffd7afc0000 - 0x00007ffd7afcf000 	C:\WINDOWS\system32\kernel.appcore.dll
0x00007ffd7b020000 - 0x00007ffd7b0d3000 	C:\WINDOWS\system32\shcore.dll
0x00007ffd7afd0000 - 0x00007ffd7b01a000 	C:\WINDOWS\system32\powrprof.dll
0x00007ffd7af80000 - 0x00007ffd7af93000 	C:\WINDOWS\system32\profapi.dll

VM Arguments:
jvm_args: -Xmx1024M -Dfile.encoding=windows-1251 -Duser.country=US -Duser.language=en -Duser.variant 
java_command: com.android.dx.command.Main --dex --num-threads=4 --output D:\OneDrive\$Programming\Android\Indoormaps\app\build\intermediates\dex\debug D:\OneDrive\$Programming\Android\Indoormaps\app\build\intermediates\classes\debug D:\OneDrive\$Programming\Android\Indoormaps\app\build\intermediates\pre-dexed\debug\support-annotations-23.0.1-5a9a222b6cb7359b33dba7eed13dd4c18a41ef3c.jar D:\OneDrive\$Programming\Android\Indoormaps\app\build\intermediates\pre-dexed\debug\classes-0c748a9b44c8664d10c26609d14999359f0788b9.jar D:\OneDrive\$Programming\Android\Indoormaps\app\build\intermediates\pre-dexed\debug\internal_impl-22.2.0-98e2deff73f9c07be302f43a3a0ab81a5abe4c63.jar D:\OneDrive\$Programming\Android\Indoormaps\app\build\intermediates\pre-dexed\debug\classes-05e2d905d38b3c2eba8d946dfe10bb0f835f96bf.jar D:\OneDrive\$Programming\Android\Indoormaps\app\build\intermediates\pre-dexed\debug\classes-5fd89bbd3c363fad61d15f9e132465ee380f0087.jar D:\OneDrive\$Programming\Android\Indoormaps\app\build\intermediates\pre-dexed\debug\classes-0a0b2ad36b2b84a14dc62c294e716126c45de585.jar D:\OneDrive\$Programming\Android\Indoormaps\app\build\intermediates\pre-dexed\debug\classes-b97136647ec5ea34d9b7422b8828f41b4b5447eb.jar D:\OneDrive\$Programming\Android\Indoormaps\app\build\intermediates\pre-dexed\debug\classes-bab525c28c1357b1ef4a53314e84ae2156ce2596.jar D:\OneDrive\$Programming\Android\Indoormaps\app\build\intermediates\pre-dexed\debug\classes-e1bbca8504bcd3753b6c1fca8f18d457c70e9694.jar D:\OneDrive\$Programming\Android\Indoormaps\app\build\intermediates\pre-dexed\debug\classes-a2a09b8030f2282d7df1567ad822b6a48f760603.jar D:\OneDrive\$Programming\Android\Indoormaps\app\build\intermediates\pre-dexed\debug\classes-3192751752d71a34b9b4993357f13a7017907476.jar D:\OneDrive\$Programming\Android\Indoormaps\app\build\intermediates\pre-dexed\debug\classes-8d969d475661ea7c1b7437d9a081f8a3f7d3897a.jar D:\OneDrive\$Programming\Android\Indoormaps\app\build\intermediates\pre-dexed\debug\class
java_class_path (initial): C:\Users\Proggeo\AppData\Local\Android\sdk\build-tools\23.0.2\lib\dx.jar
Launcher Type: SUN_STANDARD

Environment Variables:
PATH=C:\Program Files (x86)\Common Files\Intel\Shared Files\cpp\bin\Intel64;C:\Program Files\Java\jdk1.8.0_51\bin;C:\ProgramData\Oracle\Java\javapath;C:\WINDOWS\system32;C:\WINDOWS;C:\WINDOWS\System32\Wbem;C:\WINDOWS\System32\WindowsPowerShell\v1.0\;C:\Program Files\Calibre2\;C:\Program Files (x86)\NVIDIA Corporation\PhysX\Common;C:\Program Files (x86)\Skype\Phone\;C:\Program Files (x86)\GtkSharp\2.12\bin;C:\Ruby22-x64\bin
USERNAME=Proggeo
OS=Windows_NT
PROCESSOR_IDENTIFIER=Intel64 Family 6 Model 42 Stepping 7, GenuineIntel



---------------  S Y S T E M  ---------------

OS: Windows 10.0 , 64 bit Build 10240 (10.0.10240.16384)

CPU:total 4 (2 cores per cpu, 2 threads per core) family 6 model 42 stepping 7, cmov, cx8, fxsr, mmx, sse, sse2, sse3, ssse3, sse4.1, sse4.2, popcnt, avx, clmul, ht, tsc, tscinvbit

Memory: 4k page, physical 8300684k(1861356k free), swap 23558280k(7008k free)

vm_info: Java HotSpot(TM) 64-Bit Server VM (25.51-b03) for windows-amd64 JRE (1.8.0_51-b16), built on Jun  8 2015 18:03:07 by "java_re" with MS VC++ 10.0 (VS2010)

time: Tue Mar 22 22:51:20 2016
elapsed time: 3 seconds (0d 0h 0m 3s)

