#
# There is insufficient memory for the Java Runtime Environment to continue.
# Native memory allocation (malloc) failed to allocate 1345376 bytes for Chunk::new
# Possible reasons:
#   The system is out of physical RAM or swap space
#   In 32 bit mode, the process size limit was hit
# Possible solutions:
#   Reduce memory load on the system
#   Increase physical memory or swap space
#   Check if swap backing store is full
#   Use 64 bit Java on a 64 bit OS
#   Decrease Java heap size (-Xmx/-Xms)
#   Decrease number of Java threads
#   Decrease Java thread stack sizes (-Xss)
#   Set larger code cache with -XX:ReservedCodeCacheSize=
# This output file may be truncated or incomplete.
#
#  Out of Memory Error (allocation.cpp:390), pid=7444, tid=4728
#
# JRE version: Java(TM) SE Runtime Environment (8.0_51-b16) (build 1.8.0_51-b16)
# Java VM: Java HotSpot(TM) 64-Bit Server VM (25.51-b03 mixed mode windows-amd64 compressed oops)
# Failed to write core dump. Minidumps are not enabled by default on client versions of Windows
#

---------------  T H R E A D  ---------------

Current thread (0x0000000005f7a800):  JavaThread "C2 CompilerThread0" daemon [_thread_in_native, id=4728, stack(0x00000000074e0000,0x00000000075e0000)]

Stack: [0x00000000074e0000,0x00000000075e0000]
Native frames: (J=compiled Java code, j=interpreted, Vv=VM code, C=native code)
V  [jvm.dll+0x32b4ca]
V  [jvm.dll+0x2797e3]
V  [jvm.dll+0x27a479]
V  [jvm.dll+0x271765]
V  [jvm.dll+0xcba02]
V  [jvm.dll+0xcbecc]
V  [jvm.dll+0x476f72]
V  [jvm.dll+0x4b95ff]
V  [jvm.dll+0x46bca4]
V  [jvm.dll+0x46cd4e]
V  [jvm.dll+0x4501a2]
V  [jvm.dll+0xa43a2]
V  [jvm.dll+0xa4cdf]
V  [jvm.dll+0x2418a4]
V  [jvm.dll+0x29846a]
C  [msvcr100.dll+0x21d9f]
C  [msvcr100.dll+0x21e3b]
C  [KERNEL32.DLL+0x12d92]
C  [ntdll.dll+0x9f64]


Current CompileTask:
C2:   3319 1570       4       com.android.dx.dex.code.OutputFinisher::addConstants (93 bytes)


---------------  P R O C E S S  ---------------

Java Threads: ( => current thread )
  0x0000000007810800 JavaThread "Service Thread" daemon [_thread_blocked, id=7716, stack(0x0000000007be0000,0x0000000007ce0000)]
  0x0000000005f75800 JavaThread "C1 CompilerThread2" daemon [_thread_blocked, id=4532, stack(0x00000000076e0000,0x00000000077e0000)]
  0x0000000005f6f800 JavaThread "C2 CompilerThread1" daemon [_thread_in_native, id=8644, stack(0x00000000075e0000,0x00000000076e0000)]
=>0x0000000005f7a800 JavaThread "C2 CompilerThread0" daemon [_thread_in_native, id=4728, stack(0x00000000074e0000,0x00000000075e0000)]
  0x0000000005f79800 JavaThread "Attach Listener" daemon [_thread_blocked, id=3236, stack(0x00000000073e0000,0x00000000074e0000)]
  0x0000000005f78800 JavaThread "Signal Dispatcher" daemon [_thread_blocked, id=8920, stack(0x00000000072e0000,0x00000000073e0000)]
  0x0000000005f39800 JavaThread "Finalizer" daemon [_thread_blocked, id=2660, stack(0x00000000071e0000,0x00000000072e0000)]
  0x0000000002892800 JavaThread "Reference Handler" daemon [_thread_blocked, id=13364, stack(0x00000000070e0000,0x00000000071e0000)]
  0x00000000027a2800 JavaThread "main" [_thread_in_vm, id=5024, stack(0x00000000025b0000,0x00000000026b0000)]

Other Threads:
  0x0000000005f38000 VMThread [stack: 0x0000000006fe0000,0x00000000070e0000] [id=7880]
  0x0000000005fce800 WatcherThread [stack: 0x0000000007ce0000,0x0000000007de0000] [id=4424]

VM state:not at safepoint (normal execution)

VM Mutex/Monitor currently owned by a thread: None

Heap:
 PSYoungGen      total 38400K, used 32609K [0x00000000eab00000, 0x00000000ed580000, 0x0000000100000000)
  eden space 33280K, 82% used [0x00000000eab00000,0x00000000ec5df8e0,0x00000000ecb80000)
  from space 5120K, 99% used [0x00000000ecb80000,0x00000000ed078e68,0x00000000ed080000)
  to   space 5120K, 0% used [0x00000000ed080000,0x00000000ed080000,0x00000000ed580000)
 ParOldGen       total 87552K, used 48806K [0x00000000c0000000, 0x00000000c5580000, 0x00000000eab00000)
  object space 87552K, 55% used [0x00000000c0000000,0x00000000c2fa9b98,0x00000000c5580000)
 Metaspace       used 7031K, capacity 7608K, committed 7936K, reserved 1056768K
  class space    used 667K, capacity 688K, committed 768K, reserved 1048576K

Card table byte_map: [0x0000000002c60000,0x0000000002e70000] byte_map_base: 0x0000000002660000

Marking Bits: (ParMarkBitMap*) 0x0000000059384040
 Begin Bits: [0x00000000033d0000, 0x00000000043d0000)
 End Bits:   [0x00000000043d0000, 0x00000000053d0000)

Polling page: 0x0000000000ab0000

CodeCache: size=245760Kb used=7661Kb max_used=7671Kb free=238098Kb
 bounds [0x000000000f010000, 0x000000000f7a0000, 0x000000001e010000]
 total_blobs=2418 nmethods=2140 adapters=190
 compilation: enabled

Compilation events (10 events):
Event: 2.690 Thread 0x0000000005f75800 1853       3       java.nio.HeapByteBuffer::getShort (18 bytes)
Event: 2.691 Thread 0x0000000005f75800 nmethod 1853 0x000000000f6d7650 code [0x000000000f6d7820, 0x000000000f6d7f48]
Event: 2.691 Thread 0x0000000005f75800 1854       1       java.nio.Buffer::position (5 bytes)
Event: 2.691 Thread 0x0000000005f75800 nmethod 1854 0x000000000f6d4150 code [0x000000000f6d42a0, 0x000000000f6d43b0]
Event: 2.691 Thread 0x0000000005f75800 1855       3       com.android.dex.TableOfContents$Section::<init> (26 bytes)
Event: 2.691 Thread 0x0000000005f75800 nmethod 1855 0x000000000f6d8490 code [0x000000000f6d85e0, 0x000000000f6d87b0]
Event: 2.691 Thread 0x0000000005f75800 1856       3       com.android.dex.TableOfContents::getSection (68 bytes)
Event: 2.692 Thread 0x0000000005f75800 nmethod 1856 0x000000000f6d8850 code [0x000000000f6d8a40, 0x000000000f6d9338]
Event: 2.692 Thread 0x0000000005f75800 1857       1       java.nio.Buffer::capacity (5 bytes)
Event: 2.692 Thread 0x0000000005f75800 nmethod 1857 0x000000000f6d9810 code [0x000000000f6d9960, 0x000000000f6d9a70]

GC Heap History (2 events):
Event: 1.702 GC heap before
{Heap before GC invocations=1 (full 0):
 PSYoungGen      total 38400K, used 33280K [0x00000000eab00000, 0x00000000ed580000, 0x0000000100000000)
  eden space 33280K, 100% used [0x00000000eab00000,0x00000000ecb80000,0x00000000ecb80000)
  from space 5120K, 0% used [0x00000000ed080000,0x00000000ed080000,0x00000000ed580000)
  to   space 5120K, 0% used [0x00000000ecb80000,0x00000000ecb80000,0x00000000ed080000)
 ParOldGen       total 87552K, used 0K [0x00000000c0000000, 0x00000000c5580000, 0x00000000eab00000)
  object space 87552K, 0% used [0x00000000c0000000,0x00000000c0000000,0x00000000c5580000)
 Metaspace       used 5973K, capacity 6960K, committed 7040K, reserved 1056768K
  class space    used 584K, capacity 616K, committed 640K, reserved 1048576K
Event: 1.723 GC heap after
Heap after GC invocations=1 (full 0):
 PSYoungGen      total 38400K, used 5095K [0x00000000eab00000, 0x00000000ed580000, 0x0000000100000000)
  eden space 33280K, 0% used [0x00000000eab00000,0x00000000eab00000,0x00000000ecb80000)
  from space 5120K, 99% used [0x00000000ecb80000,0x00000000ed079d90,0x00000000ed080000)
  to   space 5120K, 0% used [0x00000000ed080000,0x00000000ed080000,0x00000000ed580000)
 ParOldGen       total 87552K, used 3348K [0x00000000c0000000, 0x00000000c5580000, 0x00000000eab00000)
  object space 87552K, 3% used [0x00000000c0000000,0x00000000c03451b0,0x00000000c5580000)
 Metaspace       used 5973K, capacity 6960K, committed 7040K, reserved 1056768K
  class space    used 584K, capacity 616K, committed 640K, reserved 1048576K
}

Deoptimization events (10 events):
Event: 2.569 Thread 0x00000000027a2800 Uncommon trap: reason=unstable_if action=reinterpret pc=0x000000000f696ef4 method=com.android.dx.util.ByteArrayAnnotatedOutput.writeByte(I)V @ 13
Event: 2.644 Thread 0x00000000027a2800 Uncommon trap: reason=unstable_if action=reinterpret pc=0x000000000f390728 method=java.util.Arrays.copyOf([Ljava/lang/Object;ILjava/lang/Class;)[Ljava/lang/Object; @ 3
Event: 2.646 Thread 0x00000000027a2800 Uncommon trap: reason=speculate_class_check action=maybe_recompile pc=0x000000000f607ef4 method=java.util.HashMap.putVal(ILjava/lang/Object;Ljava/lang/Object;ZZ)Ljava/lang/Object; @ 56
Event: 2.646 Thread 0x00000000027a2800 Uncommon trap: reason=speculate_class_check action=maybe_recompile pc=0x000000000f607f54 method=java.util.HashMap.putVal(ILjava/lang/Object;Ljava/lang/Object;ZZ)Ljava/lang/Object; @ 152
Event: 2.646 Thread 0x00000000027a2800 Uncommon trap: reason=speculate_class_check action=maybe_recompile pc=0x000000000f607ef4 method=java.util.HashMap.putVal(ILjava/lang/Object;Ljava/lang/Object;ZZ)Ljava/lang/Object; @ 56
Event: 2.646 Thread 0x00000000027a2800 Uncommon trap: reason=speculate_class_check action=maybe_recompile pc=0x000000000f607ef4 method=java.util.HashMap.putVal(ILjava/lang/Object;Ljava/lang/Object;ZZ)Ljava/lang/Object; @ 56
Event: 2.646 Thread 0x00000000027a2800 Uncommon trap: reason=class_check action=maybe_recompile pc=0x000000000f615dd8 method=java.util.HashMap.putVal(ILjava/lang/Object;Ljava/lang/Object;ZZ)Ljava/lang/Object; @ 56
Event: 2.646 Thread 0x00000000027a2800 Uncommon trap: reason=class_check action=maybe_recompile pc=0x000000000f615dd8 method=java.util.HashMap.putVal(ILjava/lang/Object;Ljava/lang/Object;ZZ)Ljava/lang/Object; @ 56
Event: 2.647 Thread 0x00000000027a2800 Uncommon trap: reason=class_check action=maybe_recompile pc=0x000000000f615dd8 method=java.util.HashMap.putVal(ILjava/lang/Object;Ljava/lang/Object;ZZ)Ljava/lang/Object; @ 56
Event: 2.647 Thread 0x00000000027a2800 Uncommon trap: reason=class_check action=maybe_recompile pc=0x000000000f615dd8 method=java.util.HashMap.putVal(ILjava/lang/Object;Ljava/lang/Object;ZZ)Ljava/lang/Object; @ 56

Internal exceptions (2 events):
Event: 0.070 Thread 0x00000000027a2800 Exception <a 'java/lang/NoSuchMethodError': Method sun.misc.Unsafe.defineClass(Ljava/lang/String;[BII)Ljava/lang/Class; name or signature does not match> (0x00000000eab12f20) thrown at [C:\re\workspace\8-2-build-windows-amd64-cygwin\jdk8u51\3951\hotspot\sr9tAÉN²?
Event: 0.070 Thread 0x00000000027a2800 Exception <a 'java/lang/NoSuchMethodError': Method sun.misc.Unsafe.prefetchRead(Ljava/lang/Object;J)V name or signature does not match> (0x00000000eab131b0) thrown at [C:\re\workspace\8-2-build-windows-amd64-cygwin\jdk8u51\3951\hotspot\src\share\vm\prims\j

Events (10 events):
Event: 2.680 loading class com/android/dex/Dex$Section
Event: 2.680 loading class com/android/dex/Dex$Section done
Event: 2.680 loading class com/android/dex/util/ByteInput
Event: 2.680 loading class com/android/dex/util/ByteInput done
Event: 2.681 loading class java/io/UTFDataFormatException
Event: 2.681 loading class java/io/UTFDataFormatException done
Event: 2.681 Executing VM operation: Deoptimize
Event: 2.682 Executing VM operation: Deoptimize done
Event: 2.692 loading class com/android/dx/merge/DexMerger
Event: 2.692 loading class com/android/dx/merge/DexMerger done


Dynamic libraries:
0x00007ff6d8af0000 - 0x00007ff6d8b27000 	C:\Program Files\Java\jdk1.8.0_51\bin\java.exe
0x00007ffd7e550000 - 0x00007ffd7e712000 	C:\WINDOWS\SYSTEM32\ntdll.dll
0x00007ffd7e060000 - 0x00007ffd7e10d000 	C:\WINDOWS\system32\KERNEL32.DLL
0x00007ffd7b360000 - 0x00007ffd7b53d000 	C:\WINDOWS\system32\KERNELBASE.dll
0x00007ffd7bc20000 - 0x00007ffd7bcc6000 	C:\WINDOWS\system32\ADVAPI32.dll
0x00007ffd7ddf0000 - 0x00007ffd7de8d000 	C:\WINDOWS\system32\msvcrt.dll
0x00007ffd7bd30000 - 0x00007ffd7bd8b000 	C:\WINDOWS\system32\sechost.dll
0x00007ffd7d690000 - 0x00007ffd7d7b6000 	C:\WINDOWS\system32\RPCRT4.dll
0x00007ffd7d970000 - 0x00007ffd7dabe000 	C:\WINDOWS\system32\USER32.dll
0x00007ffd7dc60000 - 0x00007ffd7dde6000 	C:\WINDOWS\system32\GDI32.dll
0x00007ffd76850000 - 0x00007ffd76ac4000 	C:\WINDOWS\WinSxS\amd64_microsoft.windows.common-controls_6595b64144ccf1df_6.0.10240.16384_none_f41f7b285750ef43\COMCTL32.dll
0x00007ffd7e410000 - 0x00007ffd7e446000 	C:\WINDOWS\system32\IMM32.DLL
0x00007ffd7bd90000 - 0x00007ffd7beec000 	C:\WINDOWS\system32\MSCTF.dll
0x00007ffd7ae70000 - 0x00007ffd7aea1000 	C:\WINDOWS\system32\nvinitx.dll
0x00007ffd7ae60000 - 0x00007ffd7ae6a000 	C:\WINDOWS\SYSTEM32\VERSION.dll
0x000000000f000000 - 0x000000000f006000 	C:\Program Files\NVIDIA Corporation\CoProcManager\_etoured.dll
0x00007ffd77700000 - 0x00007ffd77733000 	C:\Program Files\NVIDIA Corporation\CoProcManager\nvd3d9wrapx.dll
0x00007ffd7de90000 - 0x00007ffd7e055000 	C:\WINDOWS\system32\SETUPAPI.dll
0x00007ffd7bbd0000 - 0x00007ffd7bc14000 	C:\WINDOWS\system32\CFGMGR32.dll
0x00007ffd772d0000 - 0x00007ffd772f2000 	C:\Program Files\NVIDIA Corporation\CoProcManager\nvdxgiwrapx.dll
0x0000000058700000 - 0x00000000587d2000 	C:\Program Files\Java\jdk1.8.0_51\jre\bin\msvcr100.dll
0x0000000058b80000 - 0x0000000059403000 	C:\Program Files\Java\jdk1.8.0_51\jre\bin\server\jvm.dll
0x00007ffd7e450000 - 0x00007ffd7e458000 	C:\WINDOWS\system32\PSAPI.DLL
0x00007ffd795b0000 - 0x00007ffd795d3000 	C:\WINDOWS\SYSTEM32\WINMM.dll
0x00007ffd6ac50000 - 0x00007ffd6ac59000 	C:\WINDOWS\SYSTEM32\WSOCK32.dll
0x00007ffd7e460000 - 0x00007ffd7e4c9000 	C:\WINDOWS\system32\WS2_32.dll
0x00007ffd79440000 - 0x00007ffd7946c000 	C:\WINDOWS\SYSTEM32\WINMMBASE.dll
0x00007ffd7e4d0000 - 0x00007ffd7e4d8000 	C:\WINDOWS\system32\NSI.dll
0x00007ffd79800000 - 0x00007ffd79827000 	C:\WINDOWS\SYSTEM32\DEVOBJ.dll
0x0000000058b70000 - 0x0000000058b7f000 	C:\Program Files\Java\jdk1.8.0_51\jre\bin\verify.dll
0x0000000058b40000 - 0x0000000058b69000 	C:\Program Files\Java\jdk1.8.0_51\jre\bin\java.dll
0x0000000058b20000 - 0x0000000058b36000 	C:\Program Files\Java\jdk1.8.0_51\jre\bin\zip.dll
0x00007ffd7c160000 - 0x00007ffd7d682000 	C:\WINDOWS\system32\SHELL32.dll
0x00007ffd7b540000 - 0x00007ffd7bb68000 	C:\WINDOWS\system32\windows.storage.dll
0x00007ffd7e170000 - 0x00007ffd7e3ec000 	C:\WINDOWS\system32\combase.dll
0x00007ffd7e110000 - 0x00007ffd7e161000 	C:\WINDOWS\system32\shlwapi.dll
0x00007ffd7afc0000 - 0x00007ffd7afcf000 	C:\WINDOWS\system32\kernel.appcore.dll
0x00007ffd7b020000 - 0x00007ffd7b0d3000 	C:\WINDOWS\system32\shcore.dll
0x00007ffd7afd0000 - 0x00007ffd7b01a000 	C:\WINDOWS\system32\powrprof.dll
0x00007ffd7af80000 - 0x00007ffd7af93000 	C:\WINDOWS\system32\profapi.dll
0x00007ffd6fcf0000 - 0x00007ffd6fe7a000 	C:\WINDOWS\SYSTEM32\dbghelp.dll

VM Arguments:
jvm_args: -Xmx1024M -Dfile.encoding=windows-1251 -Duser.country=US -Duser.language=en -Duser.variant 
java_command: com.android.dx.command.Main --dex --num-threads=4 --output D:\OneDrive\$Programming\Android\Indoormaps\app\build\intermediates\dex\debug D:\OneDrive\$Programming\Android\Indoormaps\app\build\intermediates\classes\debug D:\OneDrive\$Programming\Android\Indoormaps\app\build\intermediates\pre-dexed\debug\support-annotations-23.0.1-5a9a222b6cb7359b33dba7eed13dd4c18a41ef3c.jar D:\OneDrive\$Programming\Android\Indoormaps\app\build\intermediates\pre-dexed\debug\classes-0c748a9b44c8664d10c26609d14999359f0788b9.jar D:\OneDrive\$Programming\Android\Indoormaps\app\build\intermediates\pre-dexed\debug\internal_impl-22.2.0-98e2deff73f9c07be302f43a3a0ab81a5abe4c63.jar D:\OneDrive\$Programming\Android\Indoormaps\app\build\intermediates\pre-dexed\debug\classes-05e2d905d38b3c2eba8d946dfe10bb0f835f96bf.jar D:\OneDrive\$Programming\Android\Indoormaps\app\build\intermediates\pre-dexed\debug\classes-5fd89bbd3c363fad61d15f9e132465ee380f0087.jar D:\OneDrive\$Programming\Android\Indoormaps\app\build\intermediates\pre-dexed\debug\classes-0a0b2ad36b2b84a14dc62c294e716126c45de585.jar D:\OneDrive\$Programming\Android\Indoormaps\app\build\intermediates\pre-dexed\debug\classes-b97136647ec5ea34d9b7422b8828f41b4b5447eb.jar D:\OneDrive\$Programming\Android\Indoormaps\app\build\intermediates\pre-dexed\debug\classes-bab525c28c1357b1ef4a53314e84ae2156ce2596.jar D:\OneDrive\$Programming\Android\Indoormaps\app\build\intermediates\pre-dexed\debug\classes-e1bbca8504bcd3753b6c1fca8f18d457c70e9694.jar D:\OneDrive\$Programming\Android\Indoormaps\app\build\intermediates\pre-dexed\debug\classes-a2a09b8030f2282d7df1567ad822b6a48f760603.jar D:\OneDrive\$Programming\Android\Indoormaps\app\build\intermediates\pre-dexed\debug\classes-3192751752d71a34b9b4993357f13a7017907476.jar D:\OneDrive\$Programming\Android\Indoormaps\app\build\intermediates\pre-dexed\debug\classes-8d969d475661ea7c1b7437d9a081f8a3f7d3897a.jar D:\OneDrive\$Programming\Android\Indoormaps\app\build\intermediates\pre-dexed\debug\class
java_class_path (initial): C:\Users\Proggeo\AppData\Local\Android\sdk\build-tools\23.0.2\lib\dx.jar
Launcher Type: SUN_STANDARD

Environment Variables:
PATH=C:\Program Files (x86)\Common Files\Intel\Shared Files\cpp\bin\Intel64;C:\Program Files\Java\jdk1.8.0_51\bin;C:\ProgramData\Oracle\Java\javapath;C:\WINDOWS\system32;C:\WINDOWS;C:\WINDOWS\System32\Wbem;C:\WINDOWS\System32\WindowsPowerShell\v1.0\;C:\Program Files\Calibre2\;C:\Program Files (x86)\NVIDIA Corporation\PhysX\Common;C:\Program Files (x86)\Skype\Phone\;C:\Program Files (x86)\GtkSharp\2.12\bin;C:\Ruby22-x64\bin
USERNAME=Proggeo
OS=Windows_NT
PROCESSOR_IDENTIFIER=Intel64 Family 6 Model 42 Stepping 7, GenuineIntel



---------------  S Y S T E M  ---------------

OS: Windows 10.0 , 64 bit Build 10240 (10.0.10240.16384)

CPU:total 4 (2 cores per cpu, 2 threads per core) family 6 model 42 stepping 7, cmov, cx8, fxsr, mmx, sse, sse2, sse3, ssse3, sse4.1, sse4.2, popcnt, avx, clmul, ht, tsc, tscinvbit

Memory: 4k page, physical 8300684k(1846892k free), swap 23558280k(13484k free)

vm_info: Java HotSpot(TM) 64-Bit Server VM (25.51-b03) for windows-amd64 JRE (1.8.0_51-b16), built on Jun  8 2015 18:03:07 by "java_re" with MS VC++ 10.0 (VS2010)

time: Tue Mar 22 22:50:59 2016
elapsed time: 3 seconds (0d 0h 0m 3s)

